2024-09-13 12:23:19,367 - INFO - [31m[1mWARNING: This is a development server. Do not use it in a production deployment. Use a production WSGI server instead.[0m
 * Running on all addresses (0.0.0.0)
 * Running on http://127.0.0.1:80
 * Running on http://77.221.132.47:80
2024-09-13 12:23:19,368 - INFO - [33mPress CTRL+C to quit[0m
2024-09-13 12:23:37,399 - INFO - 95.142.196.4 - - [13/Sep/2024 12:23:37] "[31m[1mPOST /webhook HTTP/1.1[0m" 415 -
2024-09-13 12:23:44,656 - INFO - HTTP Request: POST https://api.openai.com/v1/threads "HTTP/1.1 200 OK"
2024-09-13 12:23:44,667 - INFO - –°–æ–∑–¥–∞–Ω –Ω–æ–≤—ã–π –ø–æ—Ç–æ–∫ –¥–ª—è –ø–æ–ª—å–∑–æ–≤–∞—Ç–µ–ª—è 15908040
2024-09-13 12:23:45,113 - INFO - HTTP Request: POST https://api.openai.com/v1/threads/thread_qql0rjwu2xKcyx9JHY0EUfPZ/messages "HTTP/1.1 200 OK"
2024-09-13 12:23:46,103 - INFO - HTTP Request: POST https://api.openai.com/v1/threads/thread_qql0rjwu2xKcyx9JHY0EUfPZ/runs "HTTP/1.1 200 OK"
2024-09-13 12:23:47,076 - INFO - 95.142.196.4 - - [13/Sep/2024 12:23:47] "[31m[1mPOST /webhook HTTP/1.1[0m" 415 -
2024-09-13 12:23:49,408 - INFO - HTTP Request: GET https://api.openai.com/v1/threads/thread_qql0rjwu2xKcyx9JHY0EUfPZ/messages "HTTP/1.1 200 OK"
2024-09-13 12:23:49,412 - INFO - Message: –ó–¥—Ä–∞–≤—Å—Ç–≤—É–π—Ç–µ! –ì–æ—Ç–æ–≤ –ø–æ–º–æ—á—å –≤–∞–º —Å –∫–æ–Ω—Å—É–ª—å—Ç–∞—Ü–∏–µ–π –ø–æ –∫—É–∑–æ–≤–Ω—ã–º —Ä–∞–±–æ—Ç–∞–º. 

–†–∞—Å—Å–∫–∞–∂–∏—Ç–µ, –ø–æ–∂–∞–ª—É–π—Å—Ç–∞, –æ –ø—Ä–æ–±–ª–µ–º–µ —Å –≤–∞—à–∏–º –∞–≤—Ç–æ–º–æ–±–∏–ª–µ–º. –í—ã –ø–ª–∞–Ω–∏—Ä—É–µ—Ç–µ –∑–∞–º–µ–Ω—É –ø–æ—Ä–æ–≥–æ–≤, –∞—Ä–æ–∫ –∏–ª–∏, –º–æ–∂–µ—Ç –±—ã—Ç—å, —Ç—Ä–µ–±—É–µ—Ç—Å—è –ø–æ–∫—Ä–∞—Å–∫–∞ –∫–∞–∫–æ–≥–æ-—Ç–æ —ç–ª–µ–º–µ–Ω—Ç–∞? 

–ï—Å–ª–∏ –≤–æ–∑–º–æ–∂–Ω–æ, –ø—Ä–∏—à–ª–∏—Ç–µ —Ñ–æ—Ç–æ –ø–æ–≤—Ä–µ–∂–¥–µ–Ω–∏–π, —á—Ç–æ–±—ã —è –º–æ–≥ —Ç–æ—á–Ω–µ–µ –æ—Ü–µ–Ω–∏—Ç—å –æ–±—ä–µ–º —Ä–∞–±–æ—Ç—ã.
2024-09-13 12:23:49,413 - INFO - Message: —ç
2024-09-13 12:23:49,680 - INFO - 95.142.198.140 - - [13/Sep/2024 12:23:49] "POST /webhook HTTP/1.1" 200 -
2024-09-13 12:23:49,685 - INFO - 95.142.197.1 - - [13/Sep/2024 12:23:49] "[31m[1mPOST /webhook HTTP/1.1[0m" 415 -
2024-09-13 12:23:50,062 - INFO - 95.142.196.26 - - [13/Sep/2024 12:23:50] "[31m[1mPOST /webhook HTTP/1.1[0m" 415 -
2024-09-13 12:23:52,694 - INFO - 95.142.196.4 - - [13/Sep/2024 12:23:52] "[31m[1mPOST /webhook HTTP/1.1[0m" 415 -
2024-09-13 12:23:57,167 - INFO - –ò—Å–ø–æ–ª—å–∑—É–µ—Ç—Å—è —Å—É—â–µ—Å—Ç–≤—É—é—â–∏–π –ø–æ—Ç–æ–∫ –¥–ª—è –ø–æ–ª—å–∑–æ–≤–∞—Ç–µ–ª—è 15908040
2024-09-13 12:23:57,454 - INFO - HTTP Request: POST https://api.openai.com/v1/threads/thread_qql0rjwu2xKcyx9JHY0EUfPZ/messages "HTTP/1.1 200 OK"
2024-09-13 12:23:58,014 - INFO - HTTP Request: POST https://api.openai.com/v1/threads/thread_qql0rjwu2xKcyx9JHY0EUfPZ/runs "HTTP/1.1 200 OK"
2024-09-13 12:23:59,099 - INFO - 95.142.196.26 - - [13/Sep/2024 12:23:59] "[31m[1mPOST /webhook HTTP/1.1[0m" 415 -
2024-09-13 12:24:00,072 - INFO - 95.142.197.132 - - [13/Sep/2024 12:24:00] "[31m[1mPOST /webhook HTTP/1.1[0m" 415 -
2024-09-13 12:24:02,081 - INFO - 95.142.196.140 - - [13/Sep/2024 12:24:02] "[31m[1mPOST /webhook HTTP/1.1[0m" 415 -
2024-09-13 12:24:03,278 - INFO - HTTP Request: GET https://api.openai.com/v1/threads/thread_qql0rjwu2xKcyx9JHY0EUfPZ/messages "HTTP/1.1 200 OK"
2024-09-13 12:24:03,281 - INFO - Message: –ß—Ç–æ–±—ã –ø–æ–º–æ—á—å –≤–∞–º –ª—É—á—à–µ, –º–Ω–µ –Ω—É–∂–Ω–æ –±–æ–ª—å—à–µ –∏–Ω—Ñ–æ—Ä–º–∞—Ü–∏–∏ –æ –≤–∞—à–µ–º –∞–≤—Ç–æ–º–æ–±–∏–ª–µ –∏ –ø–æ–≤—Ä–µ–∂–¥–µ–Ω–∏—è—Ö. 

–í—ã –ø–ª–∞–Ω–∏—Ä—É–µ—Ç–µ –∑–∞–º–µ–Ω–∏—Ç—å –ø–æ—Ä–æ–≥–∏, –∞—Ä–∫–∏, –ø–æ–∫—Ä–∞—Å–∏—Ç—å –∫–∞–∫–∏–µ-—Ç–æ —ç–ª–µ–º–µ–Ω—Ç—ã? –ü–æ–∂–∞–ª—É–π—Å—Ç–∞, –ø—Ä–∏—à–ª–∏—Ç–µ —Ñ–æ—Ç–æ –ø–æ–≤—Ä–µ–∂–¥–µ–Ω–∏–π, —á—Ç–æ–±—ã —è –º–æ–≥ –æ—Ü–µ–Ω–∏—Ç—å –æ–±—ä–µ–º —Ä–∞–±–æ—Ç –∏ –ø—Ä–µ–¥–ª–æ–∂–∏—Ç—å —Ç–æ—á–Ω—ã–µ —Ü–µ–Ω—ã.

–ú–æ–≥—É —Ç–∞–∫–∂–µ –ø—Ä–µ–¥–ª–æ–∂–∏—Ç—å:

- –†–µ–º–æ–Ω—Ç–Ω—ã–π –ø–æ—Ä–æ–≥ –∑–∞ 1800 —Ä—É–±–ª–µ–π –∑–∞ –æ–¥–∏–Ω.
- –†–µ–º–æ–Ω—Ç–Ω—É—é –∞—Ä–∫—É –∑–∞ 2500 —Ä—É–±–ª–µ–π –∑–∞ –æ–¥–Ω—É.
- –ü–æ–∫—Ä–∞—Å–∫–∞ –æ–¥–Ω–æ–≥–æ —ç–ª–µ–º–µ–Ω—Ç–∞ –æ—Ç 10000 —Ä—É–±–ª–µ–π.
- –ó–∞–º–µ–Ω–∞ –ø–æ—Ä–æ–≥–∞ –ø–æ–¥ –∫–ª—é—á –æ—Ç 20000 —Ä—É–±–ª–µ–π.
- –ó–∞–º–µ–Ω–∞ –∞—Ä–∫–∏ –ø–æ–¥ –∫–ª—é—á –æ—Ç 25000 —Ä—É–±–ª–µ–π.

–¢–∞–∫–∂–µ, –µ—Å–ª–∏ –≤—ã –ø—Ä–µ–¥–æ—Å—Ç–∞–≤–∏—Ç–µ –≤–∞—à–∏ –∫–æ–Ω—Ç–∞–∫—Ç–Ω—ã–µ –¥–∞–Ω–Ω—ã–µ, —è —Å–º–æ–≥—É –∑–∞–ø–∏—Å–∞—Ç—å –≤–∞—Å –Ω–∞ –æ—Å–º–æ—Ç—Ä –≤ –Ω–∞—à –∞–≤—Ç–æ—Å–µ—Ä–≤–∏—Å.
2024-09-13 12:24:03,282 - INFO - Message: —á–µ —Ç–∞–º?
2024-09-13 12:24:03,282 - INFO - Message: –ó–¥—Ä–∞–≤—Å—Ç–≤—É–π—Ç–µ! –ì–æ—Ç–æ–≤ –ø–æ–º–æ—á—å –≤–∞–º —Å –∫–æ–Ω—Å—É–ª—å—Ç–∞—Ü–∏–µ–π –ø–æ –∫—É–∑–æ–≤–Ω—ã–º —Ä–∞–±–æ—Ç–∞–º. 

–†–∞—Å—Å–∫–∞–∂–∏—Ç–µ, –ø–æ–∂–∞–ª—É–π—Å—Ç–∞, –æ –ø—Ä–æ–±–ª–µ–º–µ —Å –≤–∞—à–∏–º –∞–≤—Ç–æ–º–æ–±–∏–ª–µ–º. –í—ã –ø–ª–∞–Ω–∏—Ä—É–µ—Ç–µ –∑–∞–º–µ–Ω—É –ø–æ—Ä–æ–≥–æ–≤, –∞—Ä–æ–∫ –∏–ª–∏, –º–æ–∂–µ—Ç –±—ã—Ç—å, —Ç—Ä–µ–±—É–µ—Ç—Å—è –ø–æ–∫—Ä–∞—Å–∫–∞ –∫–∞–∫–æ–≥–æ-—Ç–æ —ç–ª–µ–º–µ–Ω—Ç–∞? 

–ï—Å–ª–∏ –≤–æ–∑–º–æ–∂–Ω–æ, –ø—Ä–∏—à–ª–∏—Ç–µ —Ñ–æ—Ç–æ –ø–æ–≤—Ä–µ–∂–¥–µ–Ω–∏–π, —á—Ç–æ–±—ã —è –º–æ–≥ —Ç–æ—á–Ω–µ–µ –æ—Ü–µ–Ω–∏—Ç—å –æ–±—ä–µ–º —Ä–∞–±–æ—Ç—ã.
2024-09-13 12:24:03,282 - INFO - Message: —ç
2024-09-13 12:24:03,526 - INFO - 95.142.196.4 - - [13/Sep/2024 12:24:03] "POST /webhook HTTP/1.1" 200 -
2024-09-13 12:24:03,565 - INFO - 95.142.198.140 - - [13/Sep/2024 12:24:03] "[31m[1mPOST /webhook HTTP/1.1[0m" 415 -
2024-09-13 12:24:03,886 - INFO - 95.142.198.140 - - [13/Sep/2024 12:24:03] "[31m[1mPOST /webhook HTTP/1.1[0m" 415 -
2024-09-13 12:24:13,061 - INFO - 95.142.196.4 - - [13/Sep/2024 12:24:13] "[31m[1mPOST /webhook HTTP/1.1[0m" 415 -
2024-09-13 12:24:13,095 - INFO - 95.142.198.140 - - [13/Sep/2024 12:24:13] "[31m[1mPOST /webhook HTTP/1.1[0m" 415 -
2024-09-13 12:25:11,356 - INFO - 95.142.196.4 - - [13/Sep/2024 12:25:11] "[31m[1mPOST /webhook HTTP/1.1[0m" 415 -
2024-09-13 12:25:16,497 - INFO - 95.142.198.140 - - [13/Sep/2024 12:25:16] "[31m[1mPOST /webhook HTTP/1.1[0m" 415 -
2024-09-13 12:25:20,491 - INFO - –ò—Å–ø–æ–ª—å–∑—É–µ—Ç—Å—è —Å—É—â–µ—Å—Ç–≤—É—é—â–∏–π –ø–æ—Ç–æ–∫ –¥–ª—è –ø–æ–ª—å–∑–æ–≤–∞—Ç–µ–ª—è 15908040
2024-09-13 12:25:21,077 - INFO - 95.142.196.138 - - [13/Sep/2024 12:25:21] "[31m[1mPOST /webhook HTTP/1.1[0m" 415 -
2024-09-13 12:25:22,467 - INFO - HTTP Request: POST https://api.openai.com/v1/threads/thread_qql0rjwu2xKcyx9JHY0EUfPZ/messages "HTTP/1.1 200 OK"
2024-09-13 12:25:23,255 - INFO - HTTP Request: POST https://api.openai.com/v1/threads/thread_qql0rjwu2xKcyx9JHY0EUfPZ/runs "HTTP/1.1 200 OK"
2024-09-13 12:25:26,085 - INFO - 95.142.197.6 - - [13/Sep/2024 12:25:26] "[31m[1mPOST /webhook HTTP/1.1[0m" 415 -
2024-09-13 12:25:26,520 - INFO - HTTP Request: GET https://api.openai.com/v1/threads/thread_qql0rjwu2xKcyx9JHY0EUfPZ/messages "HTTP/1.1 200 OK"
2024-09-13 12:25:26,524 - INFO - Message: –û—Ç–ª–∏—á–Ω–æ! 

–¢–µ–ø–µ—Ä—å –º–Ω–µ –Ω—É–∂–Ω–æ –±–æ–ª—å—à–µ –∏–Ω—Ñ–æ—Ä–º–∞—Ü–∏–∏ –¥–ª—è –∑–∞–ø–∏—Å–∏ –Ω–∞ –æ—Å–º–æ—Ç—Ä. –ü–æ–∂–∞–ª—É–π—Å—Ç–∞, –ø—Ä–µ–¥–æ—Å—Ç–∞–≤—å—Ç–µ —Å–ª–µ–¥—É—é—â–∏–µ –¥–∞–Ω–Ω—ã–µ:

1. –í–∞—à–µ –∏–º—è
2. –ö–æ–Ω—Ç–∞–∫—Ç–Ω—ã–π –Ω–æ–º–µ—Ä —Ç–µ–ª–µ—Ñ–æ–Ω–∞
3. –£–¥–æ–±–Ω–æ–µ –≤—Ä–µ–º—è –¥–ª—è –æ—Å–º–æ—Ç—Ä–∞

–ö—Ä–æ–º–µ —Ç–æ–≥–æ, –Ω–µ –∑–∞–±—É–¥—å—Ç–µ –ø—Ä–∏—Å–ª–∞—Ç—å —Ñ–æ—Ç–æ –ø–æ–≤—Ä–µ–∂–¥–µ–Ω–∏–π, —á—Ç–æ–±—ã –º—ã –º–æ–≥–ª–∏ –±–æ–ª–µ–µ —Ç–æ—á–Ω–æ –æ—Ü–µ–Ω–∏—Ç—å –æ–±—ä–µ–º —Ä–∞–±–æ—Ç.

–°–ø–∞—Å–∏–±–æ!
2024-09-13 12:25:26,525 - INFO - Message: —É—Å—Ç—Ä–∞–∏–≤–∞–µ—Ç —Ç–∞–∫–∞—è –∑–∞–ø–∏—Å—å?
2024-09-13 12:25:26,525 - INFO - Message: –ß—Ç–æ–±—ã –ø–æ–º–æ—á—å –≤–∞–º –ª—É—á—à–µ, –º–Ω–µ –Ω—É–∂–Ω–æ –±–æ–ª—å—à–µ –∏–Ω—Ñ–æ—Ä–º–∞—Ü–∏–∏ –æ –≤–∞—à–µ–º –∞–≤—Ç–æ–º–æ–±–∏–ª–µ –∏ –ø–æ–≤—Ä–µ–∂–¥–µ–Ω–∏—è—Ö. 

–í—ã –ø–ª–∞–Ω–∏—Ä—É–µ—Ç–µ –∑–∞–º–µ–Ω–∏—Ç—å –ø–æ—Ä–æ–≥–∏, –∞—Ä–∫–∏, –ø–æ–∫—Ä–∞—Å–∏—Ç—å –∫–∞–∫–∏–µ-—Ç–æ —ç–ª–µ–º–µ–Ω—Ç—ã? –ü–æ–∂–∞–ª—É–π—Å—Ç–∞, –ø—Ä–∏—à–ª–∏—Ç–µ —Ñ–æ—Ç–æ –ø–æ–≤—Ä–µ–∂–¥–µ–Ω–∏–π, —á—Ç–æ–±—ã —è –º–æ–≥ –æ—Ü–µ–Ω–∏—Ç—å –æ–±—ä–µ–º —Ä–∞–±–æ—Ç –∏ –ø—Ä–µ–¥–ª–æ–∂–∏—Ç—å —Ç–æ—á–Ω—ã–µ —Ü–µ–Ω—ã.

–ú–æ–≥—É —Ç–∞–∫–∂–µ –ø—Ä–µ–¥–ª–æ–∂–∏—Ç—å:

- –†–µ–º–æ–Ω—Ç–Ω—ã–π –ø–æ—Ä–æ–≥ –∑–∞ 1800 —Ä—É–±–ª–µ–π –∑–∞ –æ–¥–∏–Ω.
- –†–µ–º–æ–Ω—Ç–Ω—É—é –∞—Ä–∫—É –∑–∞ 2500 —Ä—É–±–ª–µ–π –∑–∞ –æ–¥–Ω—É.
- –ü–æ–∫—Ä–∞—Å–∫–∞ –æ–¥–Ω–æ–≥–æ —ç–ª–µ–º–µ–Ω—Ç–∞ –æ—Ç 10000 —Ä—É–±–ª–µ–π.
- –ó–∞–º–µ–Ω–∞ –ø–æ—Ä–æ–≥–∞ –ø–æ–¥ –∫–ª—é—á –æ—Ç 20000 —Ä—É–±–ª–µ–π.
- –ó–∞–º–µ–Ω–∞ –∞—Ä–∫–∏ –ø–æ–¥ –∫–ª—é—á –æ—Ç 25000 —Ä—É–±–ª–µ–π.

–¢–∞–∫–∂–µ, –µ—Å–ª–∏ –≤—ã –ø—Ä–µ–¥–æ—Å—Ç–∞–≤–∏—Ç–µ –≤–∞—à–∏ –∫–æ–Ω—Ç–∞–∫—Ç–Ω—ã–µ –¥–∞–Ω–Ω—ã–µ, —è —Å–º–æ–≥—É –∑–∞–ø–∏—Å–∞—Ç—å –≤–∞—Å –Ω–∞ –æ—Å–º–æ—Ç—Ä –≤ –Ω–∞—à –∞–≤—Ç–æ—Å–µ—Ä–≤–∏—Å.
2024-09-13 12:25:26,526 - INFO - Message: —á–µ —Ç–∞–º?
2024-09-13 12:25:26,526 - INFO - Message: –ó–¥—Ä–∞–≤—Å—Ç–≤—É–π—Ç–µ! –ì–æ—Ç–æ–≤ –ø–æ–º–æ—á—å –≤–∞–º —Å –∫–æ–Ω—Å—É–ª—å—Ç–∞—Ü–∏–µ–π –ø–æ –∫—É–∑–æ–≤–Ω—ã–º —Ä–∞–±–æ—Ç–∞–º. 

–†–∞—Å—Å–∫–∞–∂–∏—Ç–µ, –ø–æ–∂–∞–ª—É–π—Å—Ç–∞, –æ –ø—Ä–æ–±–ª–µ–º–µ —Å –≤–∞—à–∏–º –∞–≤—Ç–æ–º–æ–±–∏–ª–µ–º. –í—ã –ø–ª–∞–Ω–∏—Ä—É–µ—Ç–µ –∑–∞–º–µ–Ω—É –ø–æ—Ä–æ–≥–æ–≤, –∞—Ä–æ–∫ –∏–ª–∏, –º–æ–∂–µ—Ç –±—ã—Ç—å, —Ç—Ä–µ–±—É–µ—Ç—Å—è –ø–æ–∫—Ä–∞—Å–∫–∞ –∫–∞–∫–æ–≥–æ-—Ç–æ —ç–ª–µ–º–µ–Ω—Ç–∞? 

–ï—Å–ª–∏ –≤–æ–∑–º–æ–∂–Ω–æ, –ø—Ä–∏—à–ª–∏—Ç–µ —Ñ–æ—Ç–æ –ø–æ–≤—Ä–µ–∂–¥–µ–Ω–∏–π, —á—Ç–æ–±—ã —è –º–æ–≥ —Ç–æ—á–Ω–µ–µ –æ—Ü–µ–Ω–∏—Ç—å –æ–±—ä–µ–º —Ä–∞–±–æ—Ç—ã.
2024-09-13 12:25:26,527 - INFO - Message: —ç
2024-09-13 12:25:26,809 - INFO - 95.142.196.140 - - [13/Sep/2024 12:25:26] "POST /webhook HTTP/1.1" 200 -
2024-09-13 12:25:26,811 - INFO - 95.142.198.140 - - [13/Sep/2024 12:25:26] "[31m[1mPOST /webhook HTTP/1.1[0m" 415 -
2024-09-13 12:25:27,158 - INFO - 95.142.196.140 - - [13/Sep/2024 12:25:27] "[31m[1mPOST /webhook HTTP/1.1[0m" 415 -
2024-09-13 12:25:36,087 - INFO - 95.142.196.26 - - [13/Sep/2024 12:25:36] "[31m[1mPOST /webhook HTTP/1.1[0m" 415 -
2024-09-13 12:25:37,080 - INFO - 95.142.196.138 - - [13/Sep/2024 12:25:37] "[31m[1mPOST /webhook HTTP/1.1[0m" 415 -
2024-09-13 12:25:58,684 - INFO - HTTP Request: DELETE https://api.openai.com/v1/threads/thread_qql0rjwu2xKcyx9JHY0EUfPZ "HTTP/1.1 200 OK"
2024-09-13 12:25:58,687 - INFO - –ü–æ—Ç–æ–∫ –¥–ª—è –ø–æ–ª—å–∑–æ–≤–∞—Ç–µ–ª—è 15908040 –∑–∞–≤–µ—Ä—à–µ–Ω –∏–∑-–∑–∞ –æ—Ç–ø—Ä–∞–≤–∫–∏ —Ñ–∞–π–ª–∞.
2024-09-13 12:25:59,138 - INFO - HTTP Request: POST https://api.telegram.org/bot7538336234:AAFFsDv_RkMLGvufUowHpwQKEyGhHk9uMhs/sendMessage "HTTP/1.1 200 OK"
2024-09-13 12:25:59,421 - INFO - 95.142.196.4 - - [13/Sep/2024 12:25:59] "[31m[1mPOST /webhook HTTP/1.1[0m" 415 -
2024-09-13 12:25:59,443 - INFO - 95.142.196.36 - - [13/Sep/2024 12:25:59] "POST /webhook HTTP/1.1" 200 -
2024-09-13 12:25:59,727 - INFO - 95.142.197.1 - - [13/Sep/2024 12:25:59] "[31m[1mPOST /webhook HTTP/1.1[0m" 415 -
2024-09-13 12:26:09,088 - INFO - 95.142.196.36 - - [13/Sep/2024 12:26:09] "[31m[1mPOST /webhook HTTP/1.1[0m" 415 -
2024-09-13 12:26:09,094 - INFO - 95.142.196.36 - - [13/Sep/2024 12:26:09] "[31m[1mPOST /webhook HTTP/1.1[0m" 415 -
2024-09-13 12:26:09,180 - ERROR - Exception on /webhook [POST]
Traceback (most recent call last):
  File "/usr/local/lib/python3.8/dist-packages/telegram/request/_baserequest.py", line 333, in _request_wrapper
    code, payload = await self.do_request(
  File "/usr/local/lib/python3.8/dist-packages/telegram/request/_httpxrequest.py", line 276, in do_request
    res = await self._client.request(
  File "/usr/local/lib/python3.8/dist-packages/httpx/_client.py", line 1574, in request
    return await self.send(request, auth=auth, follow_redirects=follow_redirects)
  File "/usr/local/lib/python3.8/dist-packages/httpx/_client.py", line 1661, in send
    response = await self._send_handling_auth(
  File "/usr/local/lib/python3.8/dist-packages/httpx/_client.py", line 1689, in _send_handling_auth
    response = await self._send_handling_redirects(
  File "/usr/local/lib/python3.8/dist-packages/httpx/_client.py", line 1726, in _send_handling_redirects
    response = await self._send_single_request(request)
  File "/usr/local/lib/python3.8/dist-packages/httpx/_client.py", line 1763, in _send_single_request
    response = await transport.handle_async_request(request)
  File "/usr/local/lib/python3.8/dist-packages/httpx/_transports/default.py", line 373, in handle_async_request
    resp = await self._pool.handle_async_request(req)
  File "/usr/local/lib/python3.8/dist-packages/httpcore/_async/connection_pool.py", line 216, in handle_async_request
    raise exc from None
  File "/usr/local/lib/python3.8/dist-packages/httpcore/_async/connection_pool.py", line 189, in handle_async_request
    await self._close_connections(closing)
  File "/usr/local/lib/python3.8/dist-packages/httpcore/_async/connection_pool.py", line 305, in _close_connections
    await connection.aclose()
  File "/usr/local/lib/python3.8/dist-packages/httpcore/_async/connection.py", line 171, in aclose
    await self._connection.aclose()
  File "/usr/local/lib/python3.8/dist-packages/httpcore/_async/http11.py", line 265, in aclose
    await self._network_stream.aclose()
  File "/usr/local/lib/python3.8/dist-packages/httpcore/_backends/anyio.py", line 55, in aclose
    await self._stream.aclose()
  File "/usr/local/lib/python3.8/dist-packages/anyio/streams/tls.py", line 202, in aclose
    await self.transport_stream.aclose()
  File "/usr/local/lib/python3.8/dist-packages/anyio/_backends/_asyncio.py", line 1202, in aclose
    self._transport.close()
  File "/usr/lib/python3.8/asyncio/selector_events.py", line 692, in close
    self._loop.call_soon(self._call_connection_lost, None)
  File "/usr/lib/python3.8/asyncio/base_events.py", line 719, in call_soon
    self._check_closed()
  File "/usr/lib/python3.8/asyncio/base_events.py", line 508, in _check_closed
    raise RuntimeError('Event loop is closed')
RuntimeError: Event loop is closed

The above exception was the direct cause of the following exception:

Traceback (most recent call last):
  File "/usr/local/lib/python3.8/dist-packages/flask/app.py", line 1473, in wsgi_app
    response = self.full_dispatch_request()
  File "/usr/local/lib/python3.8/dist-packages/flask/app.py", line 882, in full_dispatch_request
    rv = self.handle_user_exception(e)
  File "/usr/local/lib/python3.8/dist-packages/flask/app.py", line 880, in full_dispatch_request
    rv = self.dispatch_request()
  File "/usr/local/lib/python3.8/dist-packages/flask/app.py", line 865, in dispatch_request
    return self.ensure_sync(self.view_functions[rule.endpoint])(**view_args)  # type: ignore[no-any-return]
  File "play1.py", line 196, in webhook
    return handle_message_new(data)
  File "play1.py", line 108, in handle_message_new
    return handle_file_submission(user_id)
  File "play1.py", line 88, in handle_file_submission
    asyncio.run(send_telegram_notification(user_id))
  File "/usr/lib/python3.8/asyncio/runners.py", line 44, in run
    return loop.run_until_complete(main)
  File "/usr/lib/python3.8/asyncio/base_events.py", line 616, in run_until_complete
    return future.result()
  File "play1.py", line 69, in send_telegram_notification
    await telegram_bot.send_message(chat_id=telegram_chat_id, text=f"–ü–æ–ª—å–∑–æ–≤–∞—Ç–µ–ª—å –æ—Ç–ø—Ä–∞–≤–∏–ª —Ñ–∞–π–ª. User ID: {user_id}")
  File "/usr/local/lib/python3.8/dist-packages/telegram/_bot.py", line 1029, in send_message
    return await self._send_message(
  File "/usr/local/lib/python3.8/dist-packages/telegram/_bot.py", line 745, in _send_message
    result = await self._post(
  File "/usr/local/lib/python3.8/dist-packages/telegram/_bot.py", line 623, in _post
    return await self._do_post(
  File "/usr/local/lib/python3.8/dist-packages/telegram/_bot.py", line 652, in _do_post
    result = await request.post(
  File "/usr/local/lib/python3.8/dist-packages/telegram/request/_baserequest.py", line 201, in post
    result = await self._request_wrapper(
  File "/usr/local/lib/python3.8/dist-packages/telegram/request/_baserequest.py", line 345, in _request_wrapper
    raise NetworkError(f"Unknown error in HTTP implementation: {exc!r}") from exc
telegram.error.NetworkError: Unknown error in HTTP implementation: RuntimeError('Event loop is closed')
2024-09-13 12:26:09,219 - INFO - 95.142.196.36 - - [13/Sep/2024 12:26:09] "[35m[1mPOST /webhook HTTP/1.1[0m" 500 -
2024-09-13 12:26:47,075 - INFO - 95.142.197.132 - - [13/Sep/2024 12:26:47] "[31m[1mPOST /webhook HTTP/1.1[0m" 415 -
2024-09-13 12:27:00,121 - INFO - 95.142.197.6 - - [13/Sep/2024 12:27:00] "[31m[1mPOST /webhook HTTP/1.1[0m" 415 -
2024-09-13 12:27:03,092 - INFO - 95.142.198.140 - - [13/Sep/2024 12:27:03] "[31m[1mPOST /webhook HTTP/1.1[0m" 415 -
2024-09-13 12:27:06,081 - INFO - 95.142.196.138 - - [13/Sep/2024 12:27:06] "[31m[1mPOST /webhook HTTP/1.1[0m" 415 -
2024-09-13 12:27:13,075 - INFO - 95.142.196.138 - - [13/Sep/2024 12:27:13] "[31m[1mPOST /webhook HTTP/1.1[0m" 415 -
2024-09-13 12:27:13,102 - INFO - 95.142.197.132 - - [13/Sep/2024 12:27:13] "[31m[1mPOST /webhook HTTP/1.1[0m" 415 -
